<?xml version="1.0" encoding="UTF-8"?>
<batch xmlns="http://www.polopoly.com/polopoly/cm/xmlio">
  <content>
    <metadata>
      <contentid>
        <major>Department</major>
        <externalid>p.siteengine.PageTypes.d</externalid>
      </contentid>
      <input-template>
        <externalid>p.siteengine.PageLayoutDepartment</externalid>
      </input-template>
      <security-parent>
        <externalid>p.siteengine.Configuration.d</externalid>
      </security-parent>
    </metadata>
    <contentlist>
      <entry>
        <metadata>
          <referredContent>
            <contentid>
              <major>InputTemplate</major>
              <externalid>com.atex.plugins.helloworld.pagelayout.HelloWorldPageLayout</externalid>
            </contentid>
          </referredContent>
          <position>last</position>
        </metadata>
      </entry>
    </contentlist>
  </content>
</batch>